<?xml version="1.0" encoding="UTF-8"?>
<!-- Generated by org.testng.reporters.JUnitReportReporter -->
<testsuite hostname="LAPTOP-TFKS32F3" failures="0" tests="32" name="Project_Mav.TestQA" time="7.430" errors="1" timestamp="2023-05-25T21:03:00 IST" skipped="31">
  <testcase classname="Project_Mav.TestQA" name="beforeTest" time="7.429">
    <error message="session not created: This version of ChromeDriver only supports Chrome version 110
Current browser version is 113.0.5672.127 with binary path C:\Program Files (x86)\Google\Chrome\Application\chrome.exe
Build info: version: &#039;3.141.59&#039;, revision: &#039;e82be7d358&#039;, time: &#039;2018-11-14T08:17:03&#039;
System info: host: &#039;LAPTOP-TFKS32F3&#039;, ip: &#039;192.168.1.6&#039;, os.name: &#039;Windows 10&#039;, os.arch: &#039;amd64&#039;, os.version: &#039;10.0&#039;, java.version: &#039;17.0.5&#039;
Driver info: driver.version: ChromeDriver
remote stacktrace: Backtrace:
	(No symbol) [0x004C37D3]
	(No symbol) [0x00458B81]
	(No symbol) [0x0035B36D]
	(No symbol) [0x0037ED6D]
	(No symbol) [0x00379B90]
	(No symbol) [0x00376FC9]
	(No symbol) [0x003B1ED5]
	(No symbol) [0x003B1B2C]
	(No symbol) [0x003AB216]
	(No symbol) [0x00380D97]
	(No symbol) [0x0038253D]
	GetHandleVerifier [0x0073ABF2+2510930]
	GetHandleVerifier [0x00768EC1+2700065]
	GetHandleVerifier [0x0076C86C+2714828]
	GetHandleVerifier [0x00573480+645344]
	(No symbol) [0x00460FD2]
	(No symbol) [0x00466C68]
	(No symbol) [0x00466D4B]
	(No symbol) [0x00470D6B]
	BaseThreadInitThunk [0x776F0099+25]
	RtlGetAppContainerNamedObjectPath [0x77C77B6E+286]
	RtlGetAppContainerNamedObjectPath [0x77C77B3E+238]
" type="org.openqa.selenium.SessionNotCreatedException">
      <![CDATA[org.openqa.selenium.SessionNotCreatedException: session not created: This version of ChromeDriver only supports Chrome version 110
Current browser version is 113.0.5672.127 with binary path C:\Program Files (x86)\Google\Chrome\Application\chrome.exe
Build info: version: '3.141.59', revision: 'e82be7d358', time: '2018-11-14T08:17:03'
System info: host: 'LAPTOP-TFKS32F3', ip: '192.168.1.6', os.name: 'Windows 10', os.arch: 'amd64', os.version: '10.0', java.version: '17.0.5'
Driver info: driver.version: ChromeDriver
remote stacktrace: Backtrace:
(No symbol) [0x004C37D3]
(No symbol) [0x00458B81]
(No symbol) [0x0035B36D]
(No symbol) [0x0037ED6D]
(No symbol) [0x00379B90]
(No symbol) [0x00376FC9]
(No symbol) [0x003B1ED5]
(No symbol) [0x003B1B2C]
(No symbol) [0x003AB216]
(No symbol) [0x00380D97]
(No symbol) [0x0038253D]
GetHandleVerifier [0x0073ABF2+2510930]
GetHandleVerifier [0x00768EC1+2700065]
GetHandleVerifier [0x0076C86C+2714828]
GetHandleVerifier [0x00573480+645344]
(No symbol) [0x00460FD2]
(No symbol) [0x00466C68]
(No symbol) [0x00466D4B]
(No symbol) [0x00470D6B]
BaseThreadInitThunk [0x776F0099+25]
RtlGetAppContainerNamedObjectPath [0x77C77B6E+286]
RtlGetAppContainerNamedObjectPath [0x77C77B3E+238]

at java.base/jdk.internal.reflect.NativeConstructorAccessorImpl.newInstance0(Native Method)
at java.base/jdk.internal.reflect.NativeConstructorAccessorImpl.newInstance(NativeConstructorAccessorImpl.java:77)
at java.base/jdk.internal.reflect.DelegatingConstructorAccessorImpl.newInstance(DelegatingConstructorAccessorImpl.java:45)
at java.base/java.lang.reflect.Constructor.newInstanceWithCaller(Constructor.java:499)
at java.base/java.lang.reflect.Constructor.newInstance(Constructor.java:480)
at org.openqa.selenium.remote.W3CHandshakeResponse.lambda$errorHandler$0(W3CHandshakeResponse.java:62)
at org.openqa.selenium.remote.HandshakeResponse.lambda$getResponseFunction$0(HandshakeResponse.java:30)
at org.openqa.selenium.remote.ProtocolHandshake.lambda$createSession$0(ProtocolHandshake.java:126)
at java.base/java.util.stream.ReferencePipeline$3$1.accept(ReferencePipeline.java:197)
at java.base/java.util.Spliterators$ArraySpliterator.tryAdvance(Spliterators.java:1002)
at java.base/java.util.stream.ReferencePipeline.forEachWithCancel(ReferencePipeline.java:129)
at java.base/java.util.stream.AbstractPipeline.copyIntoWithCancel(AbstractPipeline.java:527)
at java.base/java.util.stream.AbstractPipeline.copyInto(AbstractPipeline.java:513)
at java.base/java.util.stream.AbstractPipeline.wrapAndCopyInto(AbstractPipeline.java:499)
at java.base/java.util.stream.FindOps$FindOp.evaluateSequential(FindOps.java:150)
at java.base/java.util.stream.AbstractPipeline.evaluate(AbstractPipeline.java:234)
at java.base/java.util.stream.ReferencePipeline.findFirst(ReferencePipeline.java:647)
at org.openqa.selenium.remote.ProtocolHandshake.createSession(ProtocolHandshake.java:128)
at org.openqa.selenium.remote.ProtocolHandshake.createSession(ProtocolHandshake.java:74)
at org.openqa.selenium.remote.HttpCommandExecutor.execute(HttpCommandExecutor.java:136)
at org.openqa.selenium.remote.service.DriverCommandExecutor.execute(DriverCommandExecutor.java:83)
at org.openqa.selenium.remote.RemoteWebDriver.execute(RemoteWebDriver.java:552)
at org.openqa.selenium.remote.RemoteWebDriver.startSession(RemoteWebDriver.java:213)
at org.openqa.selenium.remote.RemoteWebDriver.<init>(RemoteWebDriver.java:131)
at org.openqa.selenium.chrome.ChromeDriver.<init>(ChromeDriver.java:181)
at org.openqa.selenium.chrome.ChromeDriver.<init>(ChromeDriver.java:168)
at org.openqa.selenium.chrome.ChromeDriver.<init>(ChromeDriver.java:123)
at Project_Mav.TestQA.beforeTest(TestQA.java:29)
at java.base/jdk.internal.reflect.NativeMethodAccessorImpl.invoke0(Native Method)
at java.base/jdk.internal.reflect.NativeMethodAccessorImpl.invoke(NativeMethodAccessorImpl.java:77)
at java.base/jdk.internal.reflect.DelegatingMethodAccessorImpl.invoke(DelegatingMethodAccessorImpl.java:43)
at java.base/java.lang.reflect.Method.invoke(Method.java:568)
at org.testng.internal.MethodInvocationHelper.invokeMethod(MethodInvocationHelper.java:134)
at org.testng.internal.MethodInvocationHelper.invokeMethodConsideringTimeout(MethodInvocationHelper.java:63)
at org.testng.internal.ConfigInvoker.invokeConfigurationMethod(ConfigInvoker.java:348)
at org.testng.internal.ConfigInvoker.invokeConfigurations(ConfigInvoker.java:302)
at org.testng.TestRunner.invokeTestConfigurations(TestRunner.java:619)
at org.testng.TestRunner.beforeRun(TestRunner.java:609)
at org.testng.TestRunner.run(TestRunner.java:580)
at org.testng.SuiteRunner.runTest(SuiteRunner.java:384)
at org.testng.SuiteRunner.runSequentially(SuiteRunner.java:378)
at org.testng.SuiteRunner.privateRun(SuiteRunner.java:337)
at org.testng.SuiteRunner.run(SuiteRunner.java:286)
at org.testng.SuiteRunnerWorker.runSuite(SuiteRunnerWorker.java:53)
at org.testng.SuiteRunnerWorker.run(SuiteRunnerWorker.java:96)
at org.testng.TestNG.runSuitesSequentially(TestNG.java:1187)
at org.testng.TestNG.runSuitesLocally(TestNG.java:1109)
at org.testng.TestNG.runSuites(TestNG.java:1039)
at org.testng.TestNG.run(TestNG.java:1007)
at org.testng.remote.AbstractRemoteTestNG.run(AbstractRemoteTestNG.java:115)
at org.testng.remote.RemoteTestNG.initAndRun(RemoteTestNG.java:251)
at org.testng.remote.RemoteTestNG.main(RemoteTestNG.java:77)
]]>
    </error>
  </testcase> <!-- beforeTest -->
  <system-out/>
  <testcase classname="Project_Mav.TestQA" name="text" time="0.000">
    <skipped/>
  </testcase> <!-- text -->
  <system-out/>
  <testcase classname="Project_Mav.TestQA" name="Check_Box" time="0.000">
    <skipped/>
  </testcase> <!-- Check_Box -->
  <system-out/>
  <testcase classname="Project_Mav.TestQA" name="Radio_Button" time="0.000">
    <skipped/>
  </testcase> <!-- Radio_Button -->
  <system-out/>
  <testcase classname="Project_Mav.TestQA" name="Web_Table" time="0.000">
    <skipped/>
  </testcase> <!-- Web_Table -->
  <system-out/>
  <testcase classname="Project_Mav.TestQA" name="Buttons" time="0.000">
    <skipped/>
  </testcase> <!-- Buttons -->
  <system-out/>
  <testcase classname="Project_Mav.TestQA" name="Links" time="0.000">
    <skipped/>
  </testcase> <!-- Links -->
  <system-out/>
  <testcase classname="Project_Mav.TestQA" name="broken_link" time="0.000">
    <skipped/>
  </testcase> <!-- broken_link -->
  <system-out/>
  <testcase classname="Project_Mav.TestQA" name="download_upload" time="0.000">
    <skipped/>
  </testcase> <!-- download_upload -->
  <system-out/>
  <testcase classname="Project_Mav.TestQA" name="dynamic_properties" time="0.000">
    <skipped/>
  </testcase> <!-- dynamic_properties -->
  <system-out/>
  <testcase classname="Project_Mav.TestQA" name="forms" time="0.000">
    <skipped/>
  </testcase> <!-- forms -->
  <system-out/>
  <testcase classname="Project_Mav.TestQA" name="brawser_windows_tab" time="0.000">
    <skipped/>
  </testcase> <!-- brawser_windows_tab -->
  <system-out/>
  <testcase classname="Project_Mav.TestQA" name="new_window" time="0.000">
    <skipped/>
  </testcase> <!-- new_window -->
  <system-out/>
  <testcase classname="Project_Mav.TestQA" name="new_message_window" time="0.000">
    <skipped/>
  </testcase> <!-- new_message_window -->
  <system-out/>
  <testcase classname="Project_Mav.TestQA" name="Alert" time="0.000">
    <skipped/>
  </testcase> <!-- Alert -->
  <system-out/>
  <testcase classname="Project_Mav.TestQA" name="frames" time="0.000">
    <skipped/>
  </testcase> <!-- frames -->
  <system-out/>
  <testcase classname="Project_Mav.TestQA" name="Nestedframes" time="0.000">
    <skipped/>
  </testcase> <!-- Nestedframes -->
  <system-out/>
  <testcase classname="Project_Mav.TestQA" name="Model_Dialogs" time="0.000">
    <skipped/>
  </testcase> <!-- Model_Dialogs -->
  <system-out/>
  <testcase classname="Project_Mav.TestQA" name="Accordian" time="0.000">
    <skipped/>
  </testcase> <!-- Accordian -->
  <system-out/>
  <testcase classname="Project_Mav.TestQA" name="Auto_Complete" time="0.000">
    <skipped/>
  </testcase> <!-- Auto_Complete -->
  <system-out/>
  <testcase classname="Project_Mav.TestQA" name="Date_picker" time="0.000">
    <skipped/>
  </testcase> <!-- Date_picker -->
  <system-out/>
  <testcase classname="Project_Mav.TestQA" name="Slider" time="0.001">
    <skipped/>
  </testcase> <!-- Slider -->
  <system-out/>
  <testcase classname="Project_Mav.TestQA" name="Progress_Bar" time="0.000">
    <skipped/>
  </testcase> <!-- Progress_Bar -->
  <system-out/>
  <testcase classname="Project_Mav.TestQA" name="Tabs" time="0.000">
    <skipped/>
  </testcase> <!-- Tabs -->
  <system-out/>
  <testcase classname="Project_Mav.TestQA" name="Tool_Tips" time="0.000">
    <skipped/>
  </testcase> <!-- Tool_Tips -->
  <system-out/>
  <testcase classname="Project_Mav.TestQA" name="Menu" time="0.000">
    <skipped/>
  </testcase> <!-- Menu -->
  <system-out/>
  <testcase classname="Project_Mav.TestQA" name="Select_Menu" time="0.000">
    <skipped/>
  </testcase> <!-- Select_Menu -->
  <system-out/>
  <testcase classname="Project_Mav.TestQA" name="Sortable" time="0.000">
    <skipped/>
  </testcase> <!-- Sortable -->
  <system-out/>
  <testcase classname="Project_Mav.TestQA" name="Selectable" time="0.000">
    <skipped/>
  </testcase> <!-- Selectable -->
  <system-out/>
  <testcase classname="Project_Mav.TestQA" name="resizable" time="0.000">
    <skipped/>
  </testcase> <!-- resizable -->
  <system-out/>
  <testcase classname="Project_Mav.TestQA" name="droppable" time="0.000">
    <skipped/>
  </testcase> <!-- droppable -->
  <system-out/>
  <testcase classname="Project_Mav.TestQA" name="draggable" time="0.000">
    <skipped/>
  </testcase> <!-- draggable -->
  <system-out/>
</testsuite> <!-- Project_Mav.TestQA -->
